%!Adobe-FontList 1.25
%Locale:0x409

%BeginFont
Handler:DirectoryHandler
FontType:Invalid
OutlineFileName:C:\Users\emili\OneDrive\Dokumente\00_HKB\im2\Test\Font\OFL.txt
FileModTime:1778066387
%EndFont

%BeginFont
Handler:DirectoryHandler
FontType:TrueType
FontName:Oi-Regular
FamilyName:Oi
StyleName:Regular
FullName:Oi Regular
MenuName:Oi
StyleBits:0
WritingScript:Roman
OutlineFileName:C:\Users\emili\OneDrive\Dokumente\00_HKB\im2\Test\Font\Oi-Regular.ttf
DataFormat:sfntData
hasSVG:no
hasCOLR:no
VariableFontType:NonVariableFont
FileLength:552496
FileModTime:1778066387
WeightClass:400
WidthClass:5
AngleClass:0
NameArray:0,Win,1,Oi
%EndFont

%BeginFont
Handler:DirectoryHandler
FontType:TrueType
FontName:PartyVibes
FamilyName:Party Vibes
StyleName:Regular
FullName:Party Vibes
MenuName:Party Vibes
StyleBits:0
WritingScript:Roman
OutlineFileName:C:\Users\emili\OneDrive\Dokumente\00_HKB\im2\Test\Font\Party-Vibes.otf
DataFormat:sfntData
hasSVG:no
hasCOLR:no
VariableFontType:NonVariableFont
FileLength:63832
FileModTime:1778066839
WeightClass:400
WidthClass:5
AngleClass:0
NameArray:0,Win,1,Party Vibes
%EndFont

%BeginFont
Handler:DirectoryHandler
FontType:Invalid
OutlineFileName:C:\Users\emili\OneDrive\Dokumente\00_HKB\im2\Test\Font\Readme.txt
FileModTime:1778066839
%EndFont

